<?xml version="1.0" encoding="UTF-8"?>
<testsuite name="com.cabbookingapplication.CabBookingAppApplicationTests" tests="1" skipped="0" failures="0" errors="0" timestamp="2022-04-06T08:29:18" hostname="Shubhams-MacBook-Pro.local" time="0.203">
  <properties/>
  <testcase name="contextLoads()" classname="com.cabbookingapplication.CabBookingAppApplicationTests" time="0.203"/>
  <system-out><![CDATA[13:59:17.310 [Test worker] DEBUG org.springframework.test.context.BootstrapUtils - Instantiating CacheAwareContextLoaderDelegate from class [org.springframework.test.context.cache.DefaultCacheAwareContextLoaderDelegate]
13:59:17.315 [Test worker] DEBUG org.springframework.test.context.BootstrapUtils - Instantiating BootstrapContext using constructor [public org.springframework.test.context.support.DefaultBootstrapContext(java.lang.Class,org.springframework.test.context.CacheAwareContextLoaderDelegate)]
13:59:17.333 [Test worker] DEBUG org.springframework.test.context.BootstrapUtils - Instantiating TestContextBootstrapper for test class [com.cabbookingapplication.CabBookingAppApplicationTests] from class [org.springframework.boot.test.context.SpringBootTestContextBootstrapper]
13:59:17.339 [Test worker] INFO org.springframework.boot.test.context.SpringBootTestContextBootstrapper - Neither @ContextConfiguration nor @ContextHierarchy found for test class [com.cabbookingapplication.CabBookingAppApplicationTests], using SpringBootContextLoader
13:59:17.341 [Test worker] DEBUG org.springframework.test.context.support.AbstractContextLoader - Did not detect default resource location for test class [com.cabbookingapplication.CabBookingAppApplicationTests]: class path resource [com/cabbookingapplication/CabBookingAppApplicationTests-context.xml] does not exist
13:59:17.341 [Test worker] DEBUG org.springframework.test.context.support.AbstractContextLoader - Did not detect default resource location for test class [com.cabbookingapplication.CabBookingAppApplicationTests]: class path resource [com/cabbookingapplication/CabBookingAppApplicationTestsContext.groovy] does not exist
13:59:17.342 [Test worker] INFO org.springframework.test.context.support.AbstractContextLoader - Could not detect default resource locations for test class [com.cabbookingapplication.CabBookingAppApplicationTests]: no resource found for suffixes {-context.xml, Context.groovy}.
13:59:17.342 [Test worker] INFO org.springframework.test.context.support.AnnotationConfigContextLoaderUtils - Could not detect default configuration classes for test class [com.cabbookingapplication.CabBookingAppApplicationTests]: CabBookingAppApplicationTests does not declare any static, non-private, non-final, nested classes annotated with @Configuration.
13:59:17.362 [Test worker] DEBUG org.springframework.test.context.support.ActiveProfilesUtils - Could not find an 'annotation declaring class' for annotation type [org.springframework.test.context.ActiveProfiles] and class [com.cabbookingapplication.CabBookingAppApplicationTests]
13:59:17.391 [Test worker] DEBUG org.springframework.context.annotation.ClassPathScanningCandidateComponentProvider - Identified candidate component class: file [/Users/shubho/Desktop/Project/Cab-Booking-Application/build/classes/java/main/com/cabbookingapplication/CabBookingAppApplication.class]
13:59:17.392 [Test worker] INFO org.springframework.boot.test.context.SpringBootTestContextBootstrapper - Found @SpringBootConfiguration com.cabbookingapplication.CabBookingAppApplication for test class com.cabbookingapplication.CabBookingAppApplicationTests
13:59:17.439 [Test worker] DEBUG org.springframework.boot.test.context.SpringBootTestContextBootstrapper - @TestExecutionListeners is not present for class [com.cabbookingapplication.CabBookingAppApplicationTests]: using defaults.
13:59:17.439 [Test worker] INFO org.springframework.boot.test.context.SpringBootTestContextBootstrapper - Loaded default TestExecutionListener class names from location [META-INF/spring.factories]: [org.springframework.boot.test.autoconfigure.restdocs.RestDocsTestExecutionListener, org.springframework.boot.test.autoconfigure.web.client.MockRestServiceServerResetTestExecutionListener, org.springframework.boot.test.autoconfigure.web.servlet.MockMvcPrintOnlyOnFailureTestExecutionListener, org.springframework.boot.test.autoconfigure.web.servlet.WebDriverTestExecutionListener, org.springframework.boot.test.autoconfigure.webservices.client.MockWebServiceServerTestExecutionListener, org.springframework.boot.test.mock.mockito.MockitoTestExecutionListener, org.springframework.boot.test.mock.mockito.ResetMocksTestExecutionListener, org.springframework.test.context.web.ServletTestExecutionListener, org.springframework.test.context.support.DirtiesContextBeforeModesTestExecutionListener, org.springframework.test.context.event.ApplicationEventsTestExecutionListener, org.springframework.test.context.support.DependencyInjectionTestExecutionListener, org.springframework.test.context.support.DirtiesContextTestExecutionListener, org.springframework.test.context.transaction.TransactionalTestExecutionListener, org.springframework.test.context.jdbc.SqlScriptsTestExecutionListener, org.springframework.test.context.event.EventPublishingTestExecutionListener]
13:59:17.444 [Test worker] DEBUG org.springframework.boot.test.context.SpringBootTestContextBootstrapper - Skipping candidate TestExecutionListener [org.springframework.test.context.transaction.TransactionalTestExecutionListener] due to a missing dependency. Specify custom listener classes or make the default listener classes and their required dependencies available. Offending class: [org/springframework/transaction/interceptor/TransactionAttributeSource]
13:59:17.445 [Test worker] DEBUG org.springframework.boot.test.context.SpringBootTestContextBootstrapper - Skipping candidate TestExecutionListener [org.springframework.test.context.jdbc.SqlScriptsTestExecutionListener] due to a missing dependency. Specify custom listener classes or make the default listener classes and their required dependencies available. Offending class: [org/springframework/transaction/interceptor/TransactionAttribute]
13:59:17.445 [Test worker] INFO org.springframework.boot.test.context.SpringBootTestContextBootstrapper - Using TestExecutionListeners: [org.springframework.test.context.web.ServletTestExecutionListener@34997338, org.springframework.test.context.support.DirtiesContextBeforeModesTestExecutionListener@57eda880, org.springframework.test.context.event.ApplicationEventsTestExecutionListener@2b5825fa, org.springframework.boot.test.mock.mockito.MockitoTestExecutionListener@53d1b9b3, org.springframework.boot.test.autoconfigure.SpringBootDependencyInjectionTestExecutionListener@2cae1042, org.springframework.test.context.support.DirtiesContextTestExecutionListener@163d04ff, org.springframework.test.context.event.EventPublishingTestExecutionListener@7c209437, org.springframework.boot.test.autoconfigure.restdocs.RestDocsTestExecutionListener@2262b621, org.springframework.boot.test.autoconfigure.web.client.MockRestServiceServerResetTestExecutionListener@7e928e2f, org.springframework.boot.test.autoconfigure.web.servlet.MockMvcPrintOnlyOnFailureTestExecutionListener@f667fe, org.springframework.boot.test.autoconfigure.web.servlet.WebDriverTestExecutionListener@788fcafb, org.springframework.boot.test.autoconfigure.webservices.client.MockWebServiceServerTestExecutionListener@4febb875, org.springframework.boot.test.mock.mockito.ResetMocksTestExecutionListener@25e2a451]
13:59:17.446 [Test worker] DEBUG org.springframework.test.context.support.AbstractDirtiesContextTestExecutionListener - Before test class: context [DefaultTestContext@338494fa testClass = CabBookingAppApplicationTests, testInstance = [null], testMethod = [null], testException = [null], mergedContextConfiguration = [WebMergedContextConfiguration@505a9d7c testClass = CabBookingAppApplicationTests, locations = '{}', classes = '{class com.cabbookingapplication.CabBookingAppApplication}', contextInitializerClasses = '[]', activeProfiles = '{}', propertySourceLocations = '{}', propertySourceProperties = '{org.springframework.boot.test.context.SpringBootTestContextBootstrapper=true}', contextCustomizers = set[org.springframework.boot.test.autoconfigure.actuate.metrics.MetricsExportContextCustomizerFactory$DisableMetricExportContextCustomizer@7fbdb894, org.springframework.boot.test.autoconfigure.properties.PropertyMappingContextCustomizer@0, org.springframework.boot.test.autoconfigure.web.servlet.WebDriverContextCustomizerFactory$Customizer@8e50104, org.springframework.boot.test.context.filter.ExcludeFilterContextCustomizer@45a37759, org.springframework.boot.test.json.DuplicateJsonObjectContextCustomizerFactory$DuplicateJsonObjectContextCustomizer@2d778add, org.springframework.boot.test.mock.mockito.MockitoContextCustomizer@0, org.springframework.boot.test.web.client.TestRestTemplateContextCustomizer@71e9ebae, org.springframework.boot.test.context.SpringBootTestArgs@1, org.springframework.boot.test.context.SpringBootTestWebEnvironment@43c1b556], resourceBasePath = 'src/main/webapp', contextLoader = 'org.springframework.boot.test.context.SpringBootContextLoader', parent = [null]], attributes = map['org.springframework.test.context.web.ServletTestExecutionListener.activateListener' -> true]], class annotated with @DirtiesContext [false] with mode [null].

  .   ____          _            __ _ _
 /\\ / ___'_ __ _ _(_)_ __  __ _ \ \ \ \
( ( )\___ | '_ | '_| | '_ \/ _` | \ \ \ \
 \\/  ___)| |_)| | | | | || (_| |  ) ) ) )
  '  |____| .__|_| |_|_| |_\__, | / / / /
 =========|_|==============|___/=/_/_/_/
 :: Spring Boot ::                (v2.6.6)

2022-04-06 13:59:17.720  INFO 25090 --- [    Test worker] c.c.CabBookingAppApplicationTests        : Starting CabBookingAppApplicationTests using Java 17.0.1 on Shubhams-MacBook-Pro.local with PID 25090 (started by shubho in /Users/shubho/Desktop/Project/Cab-Booking-Application)
2022-04-06 13:59:17.721  INFO 25090 --- [    Test worker] c.c.CabBookingAppApplicationTests        : No active profile set, falling back to 1 default profile: "default"
2022-04-06 13:59:18.439  INFO 25090 --- [    Test worker] c.c.CabBookingAppApplicationTests        : Started CabBookingAppApplicationTests in 0.974 seconds (JVM running for 1.547)
Executed!!!
]]></system-out>
  <system-err><![CDATA[]]></system-err>
</testsuite>
